# JRE version: OpenJDK Runtime Environment (8.0_152-b01) (build 1.8.0_152-release-1343-b01)
# Java VM: OpenJDK 64-Bit Server VM (25.152-b01 mixed mode windows-amd64 compressed oops)
Heap:
 PSYoungGen      total 238080K, used 173446K [0x00000000e0000000, 0x00000000f1680000, 0x0000000100000000)
  eden space 198656K, 75% used [0x00000000e0000000,0x00000000e91eff28,0x00000000ec200000)
  from space 39424K, 60% used [0x00000000ee880000,0x00000000efff1c60,0x00000000f0f00000)
  to   space 39424K, 0% used [0x00000000ec200000,0x00000000ec200000,0x00000000ee880000)
 ParOldGen       total 153600K, used 58950K [0x00000000a0000000, 0x00000000a9600000, 0x00000000e0000000)
  object space 153600K, 38% used [0x00000000a0000000,0x00000000a3991998,0x00000000a9600000)
 Metaspace       used 87160K, capacity 89890K, committed 90112K, reserved 1128448K
  class space    used 10901K, capacity 11480K, committed 11520K, reserved 1048576K
GC Heap History (10 events):
Event: 187.467 GC heap before
{Heap before GC invocations=31 (full 3):
 PSYoungGen      total 175104K, used 175082K [0x00000000e0000000, 0x00000000ed100000, 0x0000000100000000)
  eden space 156672K, 100% used [0x00000000e0000000,0x00000000e9900000,0x00000000e9900000)
  from space 18432K, 99% used [0x00000000e9900000,0x00000000eaafa870,0x00000000eab00000)
  to   space 22016K, 0% used [0x00000000ebb80000,0x00000000ebb80000,0x00000000ed100000)
 ParOldGen       total 153600K, used 41977K [0x00000000a0000000, 0x00000000a9600000, 0x00000000e0000000)
  object space 153600K, 27% used [0x00000000a0000000,0x00000000a28fe7b0,0x00000000a9600000)
 Metaspace       used 71926K, capacity 74066K, committed 74368K, reserved 1114112K
  class space    used 9360K, capacity 9844K, committed 9856K, reserved 1048576K
Event: 187.537 GC heap after
Heap after GC invocations=31 (full 3):
 PSYoungGen      total 182784K, used 21996K [0x00000000e0000000, 0x00000000eee00000, 0x0000000100000000)
  eden space 160768K, 0% used [0x00000000e0000000,0x00000000e0000000,0x00000000e9d00000)
  from space 22016K, 99% used [0x00000000ebb80000,0x00000000ed0fb210,0x00000000ed100000)
  to   space 31232K, 0% used [0x00000000e9d00000,0x00000000e9d00000,0x00000000ebb80000)
 ParOldGen       total 153600K, used 58868K [0x00000000a0000000, 0x00000000a9600000, 0x00000000e0000000)
  object space 153600K, 38% used [0x00000000a0000000,0x00000000a397d2e8,0x00000000a9600000)
 Metaspace       used 71926K, capacity 74066K, committed 74368K, reserved 1114112K
  class space    used 9360K, capacity 9844K, committed 9856K, reserved 1048576K
}
Event: 1177.750 GC heap before
{Heap before GC invocations=32 (full 3):
 PSYoungGen      total 182784K, used 182764K [0x00000000e0000000, 0x00000000eee00000, 0x0000000100000000)
  eden space 160768K, 100% used [0x00000000e0000000,0x00000000e9d00000,0x00000000e9d00000)
  from space 22016K, 99% used [0x00000000ebb80000,0x00000000ed0fb210,0x00000000ed100000)
  to   space 31232K, 0% used [0x00000000e9d00000,0x00000000e9d00000,0x00000000ebb80000)
 ParOldGen       total 153600K, used 58868K [0x00000000a0000000, 0x00000000a9600000, 0x00000000e0000000)
  object space 153600K, 38% used [0x00000000a0000000,0x00000000a397d2e8,0x00000000a9600000)
 Metaspace       used 78756K, capacity 81478K, committed 81664K, reserved 1120256K
  class space    used 10031K, capacity 10628K, committed 10752K, reserved 1048576K
Event: 1177.791 GC heap after
Heap after GC invocations=32 (full 3):
 PSYoungGen      total 192000K, used 25072K [0x00000000e0000000, 0x00000000ef400000, 0x0000000100000000)
  eden space 160768K, 0% used [0x00000000e0000000,0x00000000e0000000,0x00000000e9d00000)
  from space 31232K, 80% used [0x00000000e9d00000,0x00000000eb57c0c8,0x00000000ebb80000)
  to   space 33792K, 0% used [0x00000000ed300000,0x00000000ed300000,0x00000000ef400000)
 ParOldGen       total 153600K, used 58876K [0x00000000a0000000, 0x00000000a9600000, 0x00000000e0000000)
  object space 153600K, 38% used [0x00000000a0000000,0x00000000a397f2e8,0x00000000a9600000)
 Metaspace       used 78756K, capacity 81478K, committed 81664K, reserved 1120256K
  class space    used 10031K, capacity 10628K, committed 10752K, reserved 1048576K
}
Event: 1186.411 GC heap before
{Heap before GC invocations=33 (full 3):
 PSYoungGen      total 192000K, used 185840K [0x00000000e0000000, 0x00000000ef400000, 0x0000000100000000)
  eden space 160768K, 100% used [0x00000000e0000000,0x00000000e9d00000,0x00000000e9d00000)
  from space 31232K, 80% used [0x00000000e9d00000,0x00000000eb57c0c8,0x00000000ebb80000)
  to   space 33792K, 0% used [0x00000000ed300000,0x00000000ed300000,0x00000000ef400000)
 ParOldGen       total 153600K, used 58876K [0x00000000a0000000, 0x00000000a9600000, 0x00000000e0000000)
  object space 153600K, 38% used [0x00000000a0000000,0x00000000a397f2e8,0x00000000a9600000)
 Metaspace       used 79817K, capacity 82514K, committed 82688K, reserved 1122304K
  class space    used 10130K, capacity 10736K, committed 10752K, reserved 1048576K
Event: 1186.505 GC heap after
Heap after GC invocations=33 (full 3):
 PSYoungGen      total 210944K, used 33777K [0x00000000e0000000, 0x00000000efe80000, 0x0000000100000000)
  eden space 177152K, 0% used [0x00000000e0000000,0x00000000e0000000,0x00000000ead00000)
  from space 33792K, 99% used [0x00000000ed300000,0x00000000ef3fc618,0x00000000ef400000)
  to   space 38912K, 0% used [0x00000000ead00000,0x00000000ead00000,0x00000000ed300000)
 ParOldGen       total 153600K, used 58934K [0x00000000a0000000, 0x00000000a9600000, 0x00000000e0000000)
  object space 153600K, 38% used [0x00000000a0000000,0x00000000a398d998,0x00000000a9600000)
 Metaspace       used 79817K, capacity 82514K, committed 82688K, reserved 1122304K
  class space    used 10130K, capacity 10736K, committed 10752K, reserved 1048576K
}
Event: 1227.943 GC heap before
{Heap before GC invocations=34 (full 3):
 PSYoungGen      total 210944K, used 210929K [0x00000000e0000000, 0x00000000efe80000, 0x0000000100000000)
  eden space 177152K, 100% used [0x00000000e0000000,0x00000000ead00000,0x00000000ead00000)
  from space 33792K, 99% used [0x00000000ed300000,0x00000000ef3fc618,0x00000000ef400000)
  to   space 38912K, 0% used [0x00000000ead00000,0x00000000ead00000,0x00000000ed300000)
 ParOldGen       total 153600K, used 58934K [0x00000000a0000000, 0x00000000a9600000, 0x00000000e0000000)
  object space 153600K, 38% used [0x00000000a0000000,0x00000000a398d998,0x00000000a9600000)
 Metaspace       used 81074K, capacity 83810K, committed 84096K, reserved 1122304K
  class space    used 10242K, capacity 10840K, committed 10880K, reserved 1048576K
Event: 1228.024 GC heap after
Heap after GC invocations=34 (full 3):
 PSYoungGen      total 216064K, used 24423K [0x00000000e0000000, 0x00000000f0f00000, 0x0000000100000000)
  eden space 177152K, 0% used [0x00000000e0000000,0x00000000e0000000,0x00000000ead00000)
  from space 38912K, 62% used [0x00000000ead00000,0x00000000ec4d9e38,0x00000000ed300000)
  to   space 39424K, 0% used [0x00000000ee880000,0x00000000ee880000,0x00000000f0f00000)
 ParOldGen       total 153600K, used 58942K [0x00000000a0000000, 0x00000000a9600000, 0x00000000e0000000)
  object space 153600K, 38% used [0x00000000a0000000,0x00000000a398f998,0x00000000a9600000)
 Metaspace       used 81074K, capacity 83810K, committed 84096K, reserved 1122304K
  class space    used 10242K, capacity 10840K, committed 10880K, reserved 1048576K
}
Event: 1229.366 GC heap before
{Heap before GC invocations=35 (full 3):
 PSYoungGen      total 216064K, used 201575K [0x00000000e0000000, 0x00000000f0f00000, 0x0000000100000000)
  eden space 177152K, 100% used [0x00000000e0000000,0x00000000ead00000,0x00000000ead00000)
  from space 38912K, 62% used [0x00000000ead00000,0x00000000ec4d9e38,0x00000000ed300000)
  to   space 39424K, 0% used [0x00000000ee880000,0x00000000ee880000,0x00000000f0f00000)
 ParOldGen       total 153600K, used 58942K [0x00000000a0000000, 0x00000000a9600000, 0x00000000e0000000)
  object space 153600K, 38% used [0x00000000a0000000,0x00000000a398f998,0x00000000a9600000)
 Metaspace       used 81078K, capacity 83810K, committed 84096K, reserved 1122304K
  class space    used 10242K, capacity 10840K, committed 10880K, reserved 1048576K
Event: 1229.416 GC heap after
Heap after GC invocations=35 (full 3):
 PSYoungGen      total 238080K, used 24007K [0x00000000e0000000, 0x00000000f1680000, 0x0000000100000000)
  eden space 198656K, 0% used [0x00000000e0000000,0x00000000e0000000,0x00000000ec200000)
  from space 39424K, 60% used [0x00000000ee880000,0x00000000efff1c60,0x00000000f0f00000)
  to   space 39424K, 0% used [0x00000000ec200000,0x00000000ec200000,0x00000000ee880000)
 ParOldGen       total 153600K, used 58950K [0x00000000a0000000, 0x00000000a9600000, 0x00000000e0000000)
  object space 153600K, 38% used [0x00000000a0000000,0x00000000a3991998,0x00000000a9600000)
 Metaspace       used 81078K, capacity 83810K, committed 84096K, reserved 1122304K
  class space    used 10242K, capacity 10840K, committed 10880K, reserved 1048576K
}

