# JRE version: OpenJDK Runtime Environment (8.0_152-b01) (build 1.8.0_152-release-1343-b01)
# Java VM: OpenJDK 64-Bit Server VM (25.152-b01 mixed mode windows-amd64 compressed oops)
Heap:
 PSYoungGen      total 425472K, used 370800K [0x00000000e0000000, 0x00000000ffc00000, 0x0000000100000000)
  eden space 340992K, 98% used [0x00000000e0000000,0x00000000f48ff8c8,0x00000000f4d00000)
  from space 84480K, 40% used [0x00000000fa000000,0x00000000fc11ca28,0x00000000ff280000)
  to   space 84992K, 0% used [0x00000000f4d00000,0x00000000f4d00000,0x00000000fa000000)
 ParOldGen       total 473600K, used 302263K [0x00000000a0000000, 0x00000000bce80000, 0x00000000e0000000)
  object space 473600K, 63% used [0x00000000a0000000,0x00000000b272dc08,0x00000000bce80000)
 Metaspace       used 107254K, capacity 112986K, committed 115456K, reserved 1150976K
  class space    used 13029K, capacity 14024K, committed 14592K, reserved 1048576K
GC Heap History (10 events):
Event: 14696.339 GC heap before
{Heap before GC invocations=79 (full 7):
 PSYoungGen      total 389632K, used 278400K [0x00000000e0000000, 0x00000000ff200000, 0x0000000100000000)
  eden space 276992K, 100% used [0x00000000e0000000,0x00000000f0e80000,0x00000000f0e80000)
  from space 112640K, 1% used [0x00000000f0e80000,0x00000000f0fe0000,0x00000000f7c80000)
  to   space 107008K, 0% used [0x00000000f8980000,0x00000000f8980000,0x00000000ff200000)
 ParOldGen       total 473600K, used 297883K [0x00000000a0000000, 0x00000000bce80000, 0x00000000e0000000)
  object space 473600K, 62% used [0x00000000a0000000,0x00000000b22e6d30,0x00000000bce80000)
 Metaspace       used 107201K, capacity 112854K, committed 115456K, reserved 1150976K
  class space    used 13028K, capacity 14024K, committed 14592K, reserved 1048576K
Event: 14696.369 GC heap after
Heap after GC invocations=79 (full 7):
 PSYoungGen      total 406016K, used 1376K [0x00000000e0000000, 0x00000000fef80000, 0x0000000100000000)
  eden space 301568K, 0% used [0x00000000e0000000,0x00000000e0000000,0x00000000f2680000)
  from space 104448K, 1% used [0x00000000f8980000,0x00000000f8ad8000,0x00000000fef80000)
  to   space 101376K, 0% used [0x00000000f2680000,0x00000000f2680000,0x00000000f8980000)
 ParOldGen       total 473600K, used 298883K [0x00000000a0000000, 0x00000000bce80000, 0x00000000e0000000)
  object space 473600K, 63% used [0x00000000a0000000,0x00000000b23e0d30,0x00000000bce80000)
 Metaspace       used 107201K, capacity 112854K, committed 115456K, reserved 1150976K
  class space    used 13028K, capacity 14024K, committed 14592K, reserved 1048576K
}
Event: 14697.166 GC heap before
{Heap before GC invocations=80 (full 7):
 PSYoungGen      total 406016K, used 302944K [0x00000000e0000000, 0x00000000fef80000, 0x0000000100000000)
  eden space 301568K, 100% used [0x00000000e0000000,0x00000000f2680000,0x00000000f2680000)
  from space 104448K, 1% used [0x00000000f8980000,0x00000000f8ad8000,0x00000000fef80000)
  to   space 101376K, 0% used [0x00000000f2680000,0x00000000f2680000,0x00000000f8980000)
 ParOldGen       total 473600K, used 298883K [0x00000000a0000000, 0x00000000bce80000, 0x00000000e0000000)
  object space 473600K, 63% used [0x00000000a0000000,0x00000000b23e0d30,0x00000000bce80000)
 Metaspace       used 107201K, capacity 112854K, committed 115456K, reserved 1150976K
  class space    used 13028K, capacity 14024K, committed 14592K, reserved 1048576K
Event: 14697.179 GC heap after
Heap after GC invocations=80 (full 7):
 PSYoungGen      total 402944K, used 1472K [0x00000000e0000000, 0x00000000ff100000, 0x0000000100000000)
  eden space 301568K, 0% used [0x00000000e0000000,0x00000000e0000000,0x00000000f2680000)
  from space 101376K, 1% used [0x00000000f2680000,0x00000000f27f0000,0x00000000f8980000)
  to   space 95232K, 0% used [0x00000000f9400000,0x00000000f9400000,0x00000000ff100000)
 ParOldGen       total 473600K, used 300019K [0x00000000a0000000, 0x00000000bce80000, 0x00000000e0000000)
  object space 473600K, 63% used [0x00000000a0000000,0x00000000b24fcd30,0x00000000bce80000)
 Metaspace       used 107201K, capacity 112854K, committed 115456K, reserved 1150976K
  class space    used 13028K, capacity 14024K, committed 14592K, reserved 1048576K
}
Event: 14698.224 GC heap before
{Heap before GC invocations=81 (full 7):
 PSYoungGen      total 402944K, used 303040K [0x00000000e0000000, 0x00000000ff100000, 0x0000000100000000)
  eden space 301568K, 100% used [0x00000000e0000000,0x00000000f2680000,0x00000000f2680000)
  from space 101376K, 1% used [0x00000000f2680000,0x00000000f27f0000,0x00000000f8980000)
  to   space 95232K, 0% used [0x00000000f9400000,0x00000000f9400000,0x00000000ff100000)
 ParOldGen       total 473600K, used 300019K [0x00000000a0000000, 0x00000000bce80000, 0x00000000e0000000)
  object space 473600K, 63% used [0x00000000a0000000,0x00000000b24fcd30,0x00000000bce80000)
 Metaspace       used 107206K, capacity 112854K, committed 115456K, reserved 1150976K
  class space    used 13028K, capacity 14024K, committed 14592K, reserved 1048576K
Event: 14698.242 GC heap after
Heap after GC invocations=81 (full 7):
 PSYoungGen      total 417280K, used 3616K [0x00000000e0000000, 0x00000000fef00000, 0x0000000100000000)
  eden space 324096K, 0% used [0x00000000e0000000,0x00000000e0000000,0x00000000f3c80000)
  from space 93184K, 3% used [0x00000000f9400000,0x00000000f9788000,0x00000000fef00000)
  to   space 89600K, 0% used [0x00000000f3c80000,0x00000000f3c80000,0x00000000f9400000)
 ParOldGen       total 473600K, used 301163K [0x00000000a0000000, 0x00000000bce80000, 0x00000000e0000000)
  object space 473600K, 63% used [0x00000000a0000000,0x00000000b261ad30,0x00000000bce80000)
 Metaspace       used 107206K, capacity 112854K, committed 115456K, reserved 1150976K
  class space    used 13028K, capacity 14024K, committed 14592K, reserved 1048576K
}
Event: 14700.017 GC heap before
{Heap before GC invocations=82 (full 7):
 PSYoungGen      total 417280K, used 327712K [0x00000000e0000000, 0x00000000fef00000, 0x0000000100000000)
  eden space 324096K, 100% used [0x00000000e0000000,0x00000000f3c80000,0x00000000f3c80000)
  from space 93184K, 3% used [0x00000000f9400000,0x00000000f9788000,0x00000000fef00000)
  to   space 89600K, 0% used [0x00000000f3c80000,0x00000000f3c80000,0x00000000f9400000)
 ParOldGen       total 473600K, used 301163K [0x00000000a0000000, 0x00000000bce80000, 0x00000000e0000000)
  object space 473600K, 63% used [0x00000000a0000000,0x00000000b261ad30,0x00000000bce80000)
 Metaspace       used 107206K, capacity 112854K, committed 115456K, reserved 1150976K
  class space    used 13028K, capacity 14024K, committed 14592K, reserved 1048576K
Event: 14700.028 GC heap after
Heap after GC invocations=82 (full 7):
 PSYoungGen      total 413696K, used 896K [0x00000000e0000000, 0x00000000ff280000, 0x0000000100000000)
  eden space 324096K, 0% used [0x00000000e0000000,0x00000000e0000000,0x00000000f3c80000)
  from space 89600K, 1% used [0x00000000f3c80000,0x00000000f3d60000,0x00000000f9400000)
  to   space 84480K, 0% used [0x00000000fa000000,0x00000000fa000000,0x00000000ff280000)
 ParOldGen       total 473600K, used 302255K [0x00000000a0000000, 0x00000000bce80000, 0x00000000e0000000)
  object space 473600K, 63% used [0x00000000a0000000,0x00000000b272bc08,0x00000000bce80000)
 Metaspace       used 107206K, capacity 112854K, committed 115456K, reserved 1150976K
  class space    used 13028K, capacity 14024K, committed 14592K, reserved 1048576K
}
Event: 14704.689 GC heap before
{Heap before GC invocations=83 (full 7):
 PSYoungGen      total 413696K, used 324992K [0x00000000e0000000, 0x00000000ff280000, 0x0000000100000000)
  eden space 324096K, 100% used [0x00000000e0000000,0x00000000f3c80000,0x00000000f3c80000)
  from space 89600K, 1% used [0x00000000f3c80000,0x00000000f3d60000,0x00000000f9400000)
  to   space 84480K, 0% used [0x00000000fa000000,0x00000000fa000000,0x00000000ff280000)
 ParOldGen       total 473600K, used 302255K [0x00000000a0000000, 0x00000000bce80000, 0x00000000e0000000)
  object space 473600K, 63% used [0x00000000a0000000,0x00000000b272bc08,0x00000000bce80000)
 Metaspace       used 107245K, capacity 112986K, committed 115456K, reserved 1150976K
  class space    used 13029K, capacity 14024K, committed 14592K, reserved 1048576K
Event: 14704.733 GC heap after
Heap after GC invocations=83 (full 7):
 PSYoungGen      total 425472K, used 33906K [0x00000000e0000000, 0x00000000ffc00000, 0x0000000100000000)
  eden space 340992K, 0% used [0x00000000e0000000,0x00000000e0000000,0x00000000f4d00000)
  from space 84480K, 40% used [0x00000000fa000000,0x00000000fc11ca28,0x00000000ff280000)
  to   space 84992K, 0% used [0x00000000f4d00000,0x00000000f4d00000,0x00000000fa000000)
 ParOldGen       total 473600K, used 302263K [0x00000000a0000000, 0x00000000bce80000, 0x00000000e0000000)
  object space 473600K, 63% used [0x00000000a0000000,0x00000000b272dc08,0x00000000bce80000)
 Metaspace       used 107245K, capacity 112986K, committed 115456K, reserved 1150976K
  class space    used 13029K, capacity 14024K, committed 14592K, reserved 1048576K
}

